Determining if the pthread_create exist failed with the following output:
Change Dir: /home/qthai/Downloads/dlib/build/CMakeFiles/CMakeTmp

Run Build Command:"/usr/bin/make" "cmTC_5773b/fast"
/usr/bin/make -f CMakeFiles/cmTC_5773b.dir/build.make CMakeFiles/cmTC_5773b.dir/build
make[1]: Entering directory '/home/qthai/Downloads/dlib/build/CMakeFiles/CMakeTmp'
Building C object CMakeFiles/cmTC_5773b.dir/CheckSymbolExists.c.o
/usr/bin/cc     -o CMakeFiles/cmTC_5773b.dir/CheckSymbolExists.c.o   -c /home/qthai/Downloads/dlib/build/CMakeFiles/CMakeTmp/CheckSymbolExists.c
Linking C executable cmTC_5773b
/usr/bin/cmake -E cmake_link_script CMakeFiles/cmTC_5773b.dir/link.txt --verbose=1
/usr/bin/cc       CMakeFiles/cmTC_5773b.dir/CheckSymbolExists.c.o  -o cmTC_5773b -rdynamic 
CMakeFiles/cmTC_5773b.dir/CheckSymbolExists.c.o: In function `main':
CheckSymbolExists.c:(.text+0x16): undefined reference to `pthread_create'
collect2: error: ld returned 1 exit status
CMakeFiles/cmTC_5773b.dir/build.make:97: recipe for target 'cmTC_5773b' failed
make[1]: *** [cmTC_5773b] Error 1
make[1]: Leaving directory '/home/qthai/Downloads/dlib/build/CMakeFiles/CMakeTmp'
Makefile:126: recipe for target 'cmTC_5773b/fast' failed
make: *** [cmTC_5773b/fast] Error 2

File /home/qthai/Downloads/dlib/build/CMakeFiles/CMakeTmp/CheckSymbolExists.c:
/* */
#include <pthread.h>

int main(int argc, char** argv)
{
  (void)argv;
#ifndef pthread_create
  return ((int*)(&pthread_create))[argc];
#else
  (void)argc;
  return 0;
#endif
}

Determining if the function pthread_create exists in the pthreads failed with the following output:
Change Dir: /home/qthai/Downloads/dlib/build/CMakeFiles/CMakeTmp

Run Build Command:"/usr/bin/make" "cmTC_511c9/fast"
/usr/bin/make -f CMakeFiles/cmTC_511c9.dir/build.make CMakeFiles/cmTC_511c9.dir/build
make[1]: Entering directory '/home/qthai/Downloads/dlib/build/CMakeFiles/CMakeTmp'
Building C object CMakeFiles/cmTC_511c9.dir/CheckFunctionExists.c.o
/usr/bin/cc    -DCHECK_FUNCTION_EXISTS=pthread_create   -o CMakeFiles/cmTC_511c9.dir/CheckFunctionExists.c.o   -c /usr/share/cmake-3.5/Modules/CheckFunctionExists.c
Linking C executable cmTC_511c9
/usr/bin/cmake -E cmake_link_script CMakeFiles/cmTC_511c9.dir/link.txt --verbose=1
/usr/bin/cc   -DCHECK_FUNCTION_EXISTS=pthread_create    CMakeFiles/cmTC_511c9.dir/CheckFunctionExists.c.o  -o cmTC_511c9 -rdynamic -lpthreads 
/usr/bin/ld: cannot find -lpthreads
collect2: error: ld returned 1 exit status
CMakeFiles/cmTC_511c9.dir/build.make:97: recipe for target 'cmTC_511c9' failed
make[1]: *** [cmTC_511c9] Error 1
make[1]: Leaving directory '/home/qthai/Downloads/dlib/build/CMakeFiles/CMakeTmp'
Makefile:126: recipe for target 'cmTC_511c9/fast' failed
make: *** [cmTC_511c9/fast] Error 2


Determining if the function sgesv exists failed with the following output:
Change Dir: /home/qthai/Downloads/dlib/build/CMakeFiles/CMakeTmp

Run Build Command:"/usr/bin/make" "cmTC_f0372/fast"
/usr/bin/make -f CMakeFiles/cmTC_f0372.dir/build.make CMakeFiles/cmTC_f0372.dir/build
make[1]: Entering directory '/home/qthai/Downloads/dlib/build/CMakeFiles/CMakeTmp'
Building C object CMakeFiles/cmTC_f0372.dir/CheckFunctionExists.c.o
/usr/bin/cc    -DCHECK_FUNCTION_EXISTS=sgesv   -o CMakeFiles/cmTC_f0372.dir/CheckFunctionExists.c.o   -c /usr/share/cmake-3.5/Modules/CheckFunctionExists.c
Linking C executable cmTC_f0372
/usr/bin/cmake -E cmake_link_script CMakeFiles/cmTC_f0372.dir/link.txt --verbose=1
/usr/bin/cc   -DCHECK_FUNCTION_EXISTS=sgesv    CMakeFiles/cmTC_f0372.dir/CheckFunctionExists.c.o  -o cmTC_f0372 -rdynamic /usr/lib/liblapack.so 
CMakeFiles/cmTC_f0372.dir/CheckFunctionExists.c.o: In function `main':
CheckFunctionExists.c:(.text+0x15): undefined reference to `sgesv'
collect2: error: ld returned 1 exit status
CMakeFiles/cmTC_f0372.dir/build.make:98: recipe for target 'cmTC_f0372' failed
make[1]: *** [cmTC_f0372] Error 1
make[1]: Leaving directory '/home/qthai/Downloads/dlib/build/CMakeFiles/CMakeTmp'
Makefile:126: recipe for target 'cmTC_f0372/fast' failed
make: *** [cmTC_f0372/fast] Error 2


Determining if the function sgetrf_single exists failed with the following output:
Change Dir: /home/qthai/Downloads/dlib/build/CMakeFiles/CMakeTmp

Run Build Command:"/usr/bin/make" "cmTC_4784f/fast"
/usr/bin/make -f CMakeFiles/cmTC_4784f.dir/build.make CMakeFiles/cmTC_4784f.dir/build
make[1]: Entering directory '/home/qthai/Downloads/dlib/build/CMakeFiles/CMakeTmp'
Building C object CMakeFiles/cmTC_4784f.dir/CheckFunctionExists.c.o
/usr/bin/cc    -DCHECK_FUNCTION_EXISTS=sgetrf_single   -o CMakeFiles/cmTC_4784f.dir/CheckFunctionExists.c.o   -c /usr/share/cmake-3.5/Modules/CheckFunctionExists.c
Linking C executable cmTC_4784f
/usr/bin/cmake -E cmake_link_script CMakeFiles/cmTC_4784f.dir/link.txt --verbose=1
/usr/bin/cc   -DCHECK_FUNCTION_EXISTS=sgetrf_single    CMakeFiles/cmTC_4784f.dir/CheckFunctionExists.c.o  -o cmTC_4784f -rdynamic /usr/lib/libcblas.so 
CMakeFiles/cmTC_4784f.dir/CheckFunctionExists.c.o: In function `main':
CheckFunctionExists.c:(.text+0x15): undefined reference to `sgetrf_single'
collect2: error: ld returned 1 exit status
CMakeFiles/cmTC_4784f.dir/build.make:98: recipe for target 'cmTC_4784f' failed
make[1]: *** [cmTC_4784f] Error 1
make[1]: Leaving directory '/home/qthai/Downloads/dlib/build/CMakeFiles/CMakeTmp'
Makefile:126: recipe for target 'cmTC_4784f/fast' failed
make: *** [cmTC_4784f/fast] Error 2


