Determining if the pthread_create exist failed with the following output:
Change Dir: /home/qthai/Downloads/Thesis-Code-Merge-SVM-Lane-Detect/build/CMakeFiles/CMakeTmp

Run Build Command:"/usr/bin/make" "cmTC_a13a6/fast"
/usr/bin/make -f CMakeFiles/cmTC_a13a6.dir/build.make CMakeFiles/cmTC_a13a6.dir/build
make[1]: Entering directory '/home/qthai/Downloads/Thesis-Code-Merge-SVM-Lane-Detect/build/CMakeFiles/CMakeTmp'
Building C object CMakeFiles/cmTC_a13a6.dir/CheckSymbolExists.c.o
/usr/bin/cc     -o CMakeFiles/cmTC_a13a6.dir/CheckSymbolExists.c.o   -c /home/qthai/Downloads/Thesis-Code-Merge-SVM-Lane-Detect/build/CMakeFiles/CMakeTmp/CheckSymbolExists.c
Linking C executable cmTC_a13a6
/usr/bin/cmake -E cmake_link_script CMakeFiles/cmTC_a13a6.dir/link.txt --verbose=1
/usr/bin/cc       CMakeFiles/cmTC_a13a6.dir/CheckSymbolExists.c.o  -o cmTC_a13a6 -rdynamic 
CMakeFiles/cmTC_a13a6.dir/CheckSymbolExists.c.o: In function `main':
CheckSymbolExists.c:(.text+0x16): undefined reference to `pthread_create'
collect2: error: ld returned 1 exit status
CMakeFiles/cmTC_a13a6.dir/build.make:97: recipe for target 'cmTC_a13a6' failed
make[1]: *** [cmTC_a13a6] Error 1
make[1]: Leaving directory '/home/qthai/Downloads/Thesis-Code-Merge-SVM-Lane-Detect/build/CMakeFiles/CMakeTmp'
Makefile:126: recipe for target 'cmTC_a13a6/fast' failed
make: *** [cmTC_a13a6/fast] Error 2

File /home/qthai/Downloads/Thesis-Code-Merge-SVM-Lane-Detect/build/CMakeFiles/CMakeTmp/CheckSymbolExists.c:
/* */
#include <pthread.h>

int main(int argc, char** argv)
{
  (void)argv;
#ifndef pthread_create
  return ((int*)(&pthread_create))[argc];
#else
  (void)argc;
  return 0;
#endif
}

Determining if the function pthread_create exists in the pthreads failed with the following output:
Change Dir: /home/qthai/Downloads/Thesis-Code-Merge-SVM-Lane-Detect/build/CMakeFiles/CMakeTmp

Run Build Command:"/usr/bin/make" "cmTC_e566f/fast"
/usr/bin/make -f CMakeFiles/cmTC_e566f.dir/build.make CMakeFiles/cmTC_e566f.dir/build
make[1]: Entering directory '/home/qthai/Downloads/Thesis-Code-Merge-SVM-Lane-Detect/build/CMakeFiles/CMakeTmp'
Building C object CMakeFiles/cmTC_e566f.dir/CheckFunctionExists.c.o
/usr/bin/cc    -DCHECK_FUNCTION_EXISTS=pthread_create   -o CMakeFiles/cmTC_e566f.dir/CheckFunctionExists.c.o   -c /usr/share/cmake-3.5/Modules/CheckFunctionExists.c
Linking C executable cmTC_e566f
/usr/bin/cmake -E cmake_link_script CMakeFiles/cmTC_e566f.dir/link.txt --verbose=1
/usr/bin/cc   -DCHECK_FUNCTION_EXISTS=pthread_create    CMakeFiles/cmTC_e566f.dir/CheckFunctionExists.c.o  -o cmTC_e566f -rdynamic -lpthreads 
/usr/bin/ld: cannot find -lpthreads
collect2: error: ld returned 1 exit status
CMakeFiles/cmTC_e566f.dir/build.make:97: recipe for target 'cmTC_e566f' failed
make[1]: *** [cmTC_e566f] Error 1
make[1]: Leaving directory '/home/qthai/Downloads/Thesis-Code-Merge-SVM-Lane-Detect/build/CMakeFiles/CMakeTmp'
Makefile:126: recipe for target 'cmTC_e566f/fast' failed
make: *** [cmTC_e566f/fast] Error 2


Determining if the function sgesv exists failed with the following output:
Change Dir: /home/qthai/Downloads/Thesis-Code-Merge-SVM-Lane-Detect/build/CMakeFiles/CMakeTmp

Run Build Command:"/usr/bin/make" "cmTC_d79d6/fast"
/usr/bin/make -f CMakeFiles/cmTC_d79d6.dir/build.make CMakeFiles/cmTC_d79d6.dir/build
make[1]: Entering directory '/home/qthai/Downloads/Thesis-Code-Merge-SVM-Lane-Detect/build/CMakeFiles/CMakeTmp'
Building C object CMakeFiles/cmTC_d79d6.dir/CheckFunctionExists.c.o
/usr/bin/cc    -DCHECK_FUNCTION_EXISTS=sgesv   -o CMakeFiles/cmTC_d79d6.dir/CheckFunctionExists.c.o   -c /usr/share/cmake-3.5/Modules/CheckFunctionExists.c
Linking C executable cmTC_d79d6
/usr/bin/cmake -E cmake_link_script CMakeFiles/cmTC_d79d6.dir/link.txt --verbose=1
/usr/bin/cc   -DCHECK_FUNCTION_EXISTS=sgesv    CMakeFiles/cmTC_d79d6.dir/CheckFunctionExists.c.o  -o cmTC_d79d6 -rdynamic /usr/lib/liblapack.so 
CMakeFiles/cmTC_d79d6.dir/CheckFunctionExists.c.o: In function `main':
CheckFunctionExists.c:(.text+0x15): undefined reference to `sgesv'
collect2: error: ld returned 1 exit status
CMakeFiles/cmTC_d79d6.dir/build.make:98: recipe for target 'cmTC_d79d6' failed
make[1]: *** [cmTC_d79d6] Error 1
make[1]: Leaving directory '/home/qthai/Downloads/Thesis-Code-Merge-SVM-Lane-Detect/build/CMakeFiles/CMakeTmp'
Makefile:126: recipe for target 'cmTC_d79d6/fast' failed
make: *** [cmTC_d79d6/fast] Error 2


Determining if the function sgetrf_single exists failed with the following output:
Change Dir: /home/qthai/Downloads/Thesis-Code-Merge-SVM-Lane-Detect/build/CMakeFiles/CMakeTmp

Run Build Command:"/usr/bin/make" "cmTC_ee33f/fast"
/usr/bin/make -f CMakeFiles/cmTC_ee33f.dir/build.make CMakeFiles/cmTC_ee33f.dir/build
make[1]: Entering directory '/home/qthai/Downloads/Thesis-Code-Merge-SVM-Lane-Detect/build/CMakeFiles/CMakeTmp'
Building C object CMakeFiles/cmTC_ee33f.dir/CheckFunctionExists.c.o
/usr/bin/cc    -DCHECK_FUNCTION_EXISTS=sgetrf_single   -o CMakeFiles/cmTC_ee33f.dir/CheckFunctionExists.c.o   -c /usr/share/cmake-3.5/Modules/CheckFunctionExists.c
Linking C executable cmTC_ee33f
/usr/bin/cmake -E cmake_link_script CMakeFiles/cmTC_ee33f.dir/link.txt --verbose=1
/usr/bin/cc   -DCHECK_FUNCTION_EXISTS=sgetrf_single    CMakeFiles/cmTC_ee33f.dir/CheckFunctionExists.c.o  -o cmTC_ee33f -rdynamic /usr/lib/libcblas.so 
CMakeFiles/cmTC_ee33f.dir/CheckFunctionExists.c.o: In function `main':
CheckFunctionExists.c:(.text+0x15): undefined reference to `sgetrf_single'
collect2: error: ld returned 1 exit status
CMakeFiles/cmTC_ee33f.dir/build.make:98: recipe for target 'cmTC_ee33f' failed
make[1]: *** [cmTC_ee33f] Error 1
make[1]: Leaving directory '/home/qthai/Downloads/Thesis-Code-Merge-SVM-Lane-Detect/build/CMakeFiles/CMakeTmp'
Makefile:126: recipe for target 'cmTC_ee33f/fast' failed
make: *** [cmTC_ee33f/fast] Error 2


