The system is: Linux - 4.15.0-47-generic - x86_64
Compiling the C compiler identification source file "CMakeCCompilerId.c" succeeded.
Compiler: /usr/bin/cc 
Build flags: 
Id flags: 

The output was:
0


Compilation of the C compiler identification source "CMakeCCompilerId.c" produced "a.out"

The C compiler identification is GNU, found in "/home/qthai/Downloads/Thesis-Code-Merge-SVM-Lane-Detect/build/CMakeFiles/3.5.1/CompilerIdC/a.out"

Compiling the CXX compiler identification source file "CMakeCXXCompilerId.cpp" succeeded.
Compiler: /usr/bin/c++ 
Build flags: 
Id flags: 

The output was:
0


Compilation of the CXX compiler identification source "CMakeCXXCompilerId.cpp" produced "a.out"

The CXX compiler identification is GNU, found in "/home/qthai/Downloads/Thesis-Code-Merge-SVM-Lane-Detect/build/CMakeFiles/3.5.1/CompilerIdCXX/a.out"

Determining if the C compiler works passed with the following output:
Change Dir: /home/qthai/Downloads/Thesis-Code-Merge-SVM-Lane-Detect/build/CMakeFiles/CMakeTmp

Run Build Command:"/usr/bin/make" "cmTC_881f8/fast"
/usr/bin/make -f CMakeFiles/cmTC_881f8.dir/build.make CMakeFiles/cmTC_881f8.dir/build
make[1]: Entering directory '/home/qthai/Downloads/Thesis-Code-Merge-SVM-Lane-Detect/build/CMakeFiles/CMakeTmp'
Building C object CMakeFiles/cmTC_881f8.dir/testCCompiler.c.o
/usr/bin/cc     -o CMakeFiles/cmTC_881f8.dir/testCCompiler.c.o   -c /home/qthai/Downloads/Thesis-Code-Merge-SVM-Lane-Detect/build/CMakeFiles/CMakeTmp/testCCompiler.c
Linking C executable cmTC_881f8
/usr/bin/cmake -E cmake_link_script CMakeFiles/cmTC_881f8.dir/link.txt --verbose=1
/usr/bin/cc       CMakeFiles/cmTC_881f8.dir/testCCompiler.c.o  -o cmTC_881f8 -rdynamic 
make[1]: Leaving directory '/home/qthai/Downloads/Thesis-Code-Merge-SVM-Lane-Detect/build/CMakeFiles/CMakeTmp'


Detecting C compiler ABI info compiled with the following output:
Change Dir: /home/qthai/Downloads/Thesis-Code-Merge-SVM-Lane-Detect/build/CMakeFiles/CMakeTmp

Run Build Command:"/usr/bin/make" "cmTC_31deb/fast"
/usr/bin/make -f CMakeFiles/cmTC_31deb.dir/build.make CMakeFiles/cmTC_31deb.dir/build
make[1]: Entering directory '/home/qthai/Downloads/Thesis-Code-Merge-SVM-Lane-Detect/build/CMakeFiles/CMakeTmp'
Building C object CMakeFiles/cmTC_31deb.dir/CMakeCCompilerABI.c.o
/usr/bin/cc     -o CMakeFiles/cmTC_31deb.dir/CMakeCCompilerABI.c.o   -c /usr/share/cmake-3.5/Modules/CMakeCCompilerABI.c
Linking C executable cmTC_31deb
/usr/bin/cmake -E cmake_link_script CMakeFiles/cmTC_31deb.dir/link.txt --verbose=1
/usr/bin/cc      -v CMakeFiles/cmTC_31deb.dir/CMakeCCompilerABI.c.o  -o cmTC_31deb -rdynamic  
Using built-in specs.
COLLECT_GCC=/usr/bin/cc
COLLECT_LTO_WRAPPER=/usr/lib/gcc/x86_64-linux-gnu/5/lto-wrapper
Target: x86_64-linux-gnu
Configured with: ../src/configure -v --with-pkgversion='Ubuntu 5.4.0-6ubuntu1~16.04.11' --with-bugurl=file:///usr/share/doc/gcc-5/README.Bugs --enable-languages=c,ada,c++,java,go,d,fortran,objc,obj-c++ --prefix=/usr --program-suffix=-5 --enable-shared --enable-linker-build-id --libexecdir=/usr/lib --without-included-gettext --enable-threads=posix --libdir=/usr/lib --enable-nls --with-sysroot=/ --enable-clocale=gnu --enable-libstdcxx-debug --enable-libstdcxx-time=yes --with-default-libstdcxx-abi=new --enable-gnu-unique-object --disable-vtable-verify --enable-libmpx --enable-plugin --with-system-zlib --disable-browser-plugin --enable-java-awt=gtk --enable-gtk-cairo --with-java-home=/usr/lib/jvm/java-1.5.0-gcj-5-amd64/jre --enable-java-home --with-jvm-root-dir=/usr/lib/jvm/java-1.5.0-gcj-5-amd64 --with-jvm-jar-dir=/usr/lib/jvm-exports/java-1.5.0-gcj-5-amd64 --with-arch-directory=amd64 --with-ecj-jar=/usr/share/java/eclipse-ecj.jar --enable-objc-gc --enable-multiarch --disable-werror --with-arch-32=i686 --with-abi=m64 --with-multilib-list=m32,m64,mx32 --enable-multilib --with-tune=generic --enable-checking=release --build=x86_64-linux-gnu --host=x86_64-linux-gnu --target=x86_64-linux-gnu
Thread model: posix
gcc version 5.4.0 20160609 (Ubuntu 5.4.0-6ubuntu1~16.04.11) 
COMPILER_PATH=/usr/lib/gcc/x86_64-linux-gnu/5/:/usr/lib/gcc/x86_64-linux-gnu/5/:/usr/lib/gcc/x86_64-linux-gnu/:/usr/lib/gcc/x86_64-linux-gnu/5/:/usr/lib/gcc/x86_64-linux-gnu/
LIBRARY_PATH=/usr/lib/gcc/x86_64-linux-gnu/5/:/usr/lib/gcc/x86_64-linux-gnu/5/../../../x86_64-linux-gnu/:/usr/lib/gcc/x86_64-linux-gnu/5/../../../../lib/:/lib/x86_64-linux-gnu/:/lib/../lib/:/usr/lib/x86_64-linux-gnu/:/usr/lib/../lib/:/usr/lib/gcc/x86_64-linux-gnu/5/../../../:/lib/:/usr/lib/
COLLECT_GCC_OPTIONS='-v' '-o' 'cmTC_31deb' '-rdynamic' '-mtune=generic' '-march=x86-64'
 /usr/lib/gcc/x86_64-linux-gnu/5/collect2 -plugin /usr/lib/gcc/x86_64-linux-gnu/5/liblto_plugin.so -plugin-opt=/usr/lib/gcc/x86_64-linux-gnu/5/lto-wrapper -plugin-opt=-fresolution=/tmp/ccQCFbPZ.res -plugin-opt=-pass-through=-lgcc -plugin-opt=-pass-through=-lgcc_s -plugin-opt=-pass-through=-lc -plugin-opt=-pass-through=-lgcc -plugin-opt=-pass-through=-lgcc_s --sysroot=/ --build-id --eh-frame-hdr -m elf_x86_64 --hash-style=gnu --as-needed -export-dynamic -dynamic-linker /lib64/ld-linux-x86-64.so.2 -z relro -o cmTC_31deb /usr/lib/gcc/x86_64-linux-gnu/5/../../../x86_64-linux-gnu/crt1.o /usr/lib/gcc/x86_64-linux-gnu/5/../../../x86_64-linux-gnu/crti.o /usr/lib/gcc/x86_64-linux-gnu/5/crtbegin.o -L/usr/lib/gcc/x86_64-linux-gnu/5 -L/usr/lib/gcc/x86_64-linux-gnu/5/../../../x86_64-linux-gnu -L/usr/lib/gcc/x86_64-linux-gnu/5/../../../../lib -L/lib/x86_64-linux-gnu -L/lib/../lib -L/usr/lib/x86_64-linux-gnu -L/usr/lib/../lib -L/usr/lib/gcc/x86_64-linux-gnu/5/../../.. CMakeFiles/cmTC_31deb.dir/CMakeCCompilerABI.c.o -lgcc --as-needed -lgcc_s --no-as-needed -lc -lgcc --as-needed -lgcc_s --no-as-needed /usr/lib/gcc/x86_64-linux-gnu/5/crtend.o /usr/lib/gcc/x86_64-linux-gnu/5/../../../x86_64-linux-gnu/crtn.o
make[1]: Leaving directory '/home/qthai/Downloads/Thesis-Code-Merge-SVM-Lane-Detect/build/CMakeFiles/CMakeTmp'


Parsed C implicit link information from above output:
  link line regex: [^( *|.*[/\])(ld|([^/\]+-)?ld|collect2)[^/\]*( |$)]
  ignore line: [Change Dir: /home/qthai/Downloads/Thesis-Code-Merge-SVM-Lane-Detect/build/CMakeFiles/CMakeTmp]
  ignore line: []
  ignore line: [Run Build Command:"/usr/bin/make" "cmTC_31deb/fast"]
  ignore line: [/usr/bin/make -f CMakeFiles/cmTC_31deb.dir/build.make CMakeFiles/cmTC_31deb.dir/build]
  ignore line: [make[1]: Entering directory '/home/qthai/Downloads/Thesis-Code-Merge-SVM-Lane-Detect/build/CMakeFiles/CMakeTmp']
  ignore line: [Building C object CMakeFiles/cmTC_31deb.dir/CMakeCCompilerABI.c.o]
  ignore line: [/usr/bin/cc     -o CMakeFiles/cmTC_31deb.dir/CMakeCCompilerABI.c.o   -c /usr/share/cmake-3.5/Modules/CMakeCCompilerABI.c]
  ignore line: [Linking C executable cmTC_31deb]
  ignore line: [/usr/bin/cmake -E cmake_link_script CMakeFiles/cmTC_31deb.dir/link.txt --verbose=1]
  ignore line: [/usr/bin/cc      -v CMakeFiles/cmTC_31deb.dir/CMakeCCompilerABI.c.o  -o cmTC_31deb -rdynamic  ]
  ignore line: [Using built-in specs.]
  ignore line: [COLLECT_GCC=/usr/bin/cc]
  ignore line: [COLLECT_LTO_WRAPPER=/usr/lib/gcc/x86_64-linux-gnu/5/lto-wrapper]
  ignore line: [Target: x86_64-linux-gnu]
  ignore line: [Configured with: ../src/configure -v --with-pkgversion='Ubuntu 5.4.0-6ubuntu1~16.04.11' --with-bugurl=file:///usr/share/doc/gcc-5/README.Bugs --enable-languages=c,ada,c++,java,go,d,fortran,objc,obj-c++ --prefix=/usr --program-suffix=-5 --enable-shared --enable-linker-build-id --libexecdir=/usr/lib --without-included-gettext --enable-threads=posix --libdir=/usr/lib --enable-nls --with-sysroot=/ --enable-clocale=gnu --enable-libstdcxx-debug --enable-libstdcxx-time=yes --with-default-libstdcxx-abi=new --enable-gnu-unique-object --disable-vtable-verify --enable-libmpx --enable-plugin --with-system-zlib --disable-browser-plugin --enable-java-awt=gtk --enable-gtk-cairo --with-java-home=/usr/lib/jvm/java-1.5.0-gcj-5-amd64/jre --enable-java-home --with-jvm-root-dir=/usr/lib/jvm/java-1.5.0-gcj-5-amd64 --with-jvm-jar-dir=/usr/lib/jvm-exports/java-1.5.0-gcj-5-amd64 --with-arch-directory=amd64 --with-ecj-jar=/usr/share/java/eclipse-ecj.jar --enable-objc-gc --enable-multiarch --disable-werror --with-arch-32=i686 --with-abi=m64 --with-multilib-list=m32,m64,mx32 --enable-multilib --with-tune=generic --enable-checking=release --build=x86_64-linux-gnu --host=x86_64-linux-gnu --target=x86_64-linux-gnu]
  ignore line: [Thread model: posix]
  ignore line: [gcc version 5.4.0 20160609 (Ubuntu 5.4.0-6ubuntu1~16.04.11) ]
  ignore line: [COMPILER_PATH=/usr/lib/gcc/x86_64-linux-gnu/5/:/usr/lib/gcc/x86_64-linux-gnu/5/:/usr/lib/gcc/x86_64-linux-gnu/:/usr/lib/gcc/x86_64-linux-gnu/5/:/usr/lib/gcc/x86_64-linux-gnu/]
  ignore line: [LIBRARY_PATH=/usr/lib/gcc/x86_64-linux-gnu/5/:/usr/lib/gcc/x86_64-linux-gnu/5/../../../x86_64-linux-gnu/:/usr/lib/gcc/x86_64-linux-gnu/5/../../../../lib/:/lib/x86_64-linux-gnu/:/lib/../lib/:/usr/lib/x86_64-linux-gnu/:/usr/lib/../lib/:/usr/lib/gcc/x86_64-linux-gnu/5/../../../:/lib/:/usr/lib/]
  ignore line: [COLLECT_GCC_OPTIONS='-v' '-o' 'cmTC_31deb' '-rdynamic' '-mtune=generic' '-march=x86-64']
  link line: [ /usr/lib/gcc/x86_64-linux-gnu/5/collect2 -plugin /usr/lib/gcc/x86_64-linux-gnu/5/liblto_plugin.so -plugin-opt=/usr/lib/gcc/x86_64-linux-gnu/5/lto-wrapper -plugin-opt=-fresolution=/tmp/ccQCFbPZ.res -plugin-opt=-pass-through=-lgcc -plugin-opt=-pass-through=-lgcc_s -plugin-opt=-pass-through=-lc -plugin-opt=-pass-through=-lgcc -plugin-opt=-pass-through=-lgcc_s --sysroot=/ --build-id --eh-frame-hdr -m elf_x86_64 --hash-style=gnu --as-needed -export-dynamic -dynamic-linker /lib64/ld-linux-x86-64.so.2 -z relro -o cmTC_31deb /usr/lib/gcc/x86_64-linux-gnu/5/../../../x86_64-linux-gnu/crt1.o /usr/lib/gcc/x86_64-linux-gnu/5/../../../x86_64-linux-gnu/crti.o /usr/lib/gcc/x86_64-linux-gnu/5/crtbegin.o -L/usr/lib/gcc/x86_64-linux-gnu/5 -L/usr/lib/gcc/x86_64-linux-gnu/5/../../../x86_64-linux-gnu -L/usr/lib/gcc/x86_64-linux-gnu/5/../../../../lib -L/lib/x86_64-linux-gnu -L/lib/../lib -L/usr/lib/x86_64-linux-gnu -L/usr/lib/../lib -L/usr/lib/gcc/x86_64-linux-gnu/5/../../.. CMakeFiles/cmTC_31deb.dir/CMakeCCompilerABI.c.o -lgcc --as-needed -lgcc_s --no-as-needed -lc -lgcc --as-needed -lgcc_s --no-as-needed /usr/lib/gcc/x86_64-linux-gnu/5/crtend.o /usr/lib/gcc/x86_64-linux-gnu/5/../../../x86_64-linux-gnu/crtn.o]
    arg [/usr/lib/gcc/x86_64-linux-gnu/5/collect2] ==> ignore
    arg [-plugin] ==> ignore
    arg [/usr/lib/gcc/x86_64-linux-gnu/5/liblto_plugin.so] ==> ignore
    arg [-plugin-opt=/usr/lib/gcc/x86_64-linux-gnu/5/lto-wrapper] ==> ignore
    arg [-plugin-opt=-fresolution=/tmp/ccQCFbPZ.res] ==> ignore
    arg [-plugin-opt=-pass-through=-lgcc] ==> ignore
    arg [-plugin-opt=-pass-through=-lgcc_s] ==> ignore
    arg [-plugin-opt=-pass-through=-lc] ==> ignore
    arg [-plugin-opt=-pass-through=-lgcc] ==> ignore
    arg [-plugin-opt=-pass-through=-lgcc_s] ==> ignore
    arg [--sysroot=/] ==> ignore
    arg [--build-id] ==> ignore
    arg [--eh-frame-hdr] ==> ignore
    arg [-m] ==> ignore
    arg [elf_x86_64] ==> ignore
    arg [--hash-style=gnu] ==> ignore
    arg [--as-needed] ==> ignore
    arg [-export-dynamic] ==> ignore
    arg [-dynamic-linker] ==> ignore
    arg [/lib64/ld-linux-x86-64.so.2] ==> ignore
    arg [-zrelro] ==> ignore
    arg [-o] ==> ignore
    arg [cmTC_31deb] ==> ignore
    arg [/usr/lib/gcc/x86_64-linux-gnu/5/../../../x86_64-linux-gnu/crt1.o] ==> ignore
    arg [/usr/lib/gcc/x86_64-linux-gnu/5/../../../x86_64-linux-gnu/crti.o] ==> ignore
    arg [/usr/lib/gcc/x86_64-linux-gnu/5/crtbegin.o] ==> ignore
    arg [-L/usr/lib/gcc/x86_64-linux-gnu/5] ==> dir [/usr/lib/gcc/x86_64-linux-gnu/5]
    arg [-L/usr/lib/gcc/x86_64-linux-gnu/5/../../../x86_64-linux-gnu] ==> dir [/usr/lib/gcc/x86_64-linux-gnu/5/../../../x86_64-linux-gnu]
    arg [-L/usr/lib/gcc/x86_64-linux-gnu/5/../../../../lib] ==> dir [/usr/lib/gcc/x86_64-linux-gnu/5/../../../../lib]
    arg [-L/lib/x86_64-linux-gnu] ==> dir [/lib/x86_64-linux-gnu]
    arg [-L/lib/../lib] ==> dir [/lib/../lib]
    arg [-L/usr/lib/x86_64-linux-gnu] ==> dir [/usr/lib/x86_64-linux-gnu]
    arg [-L/usr/lib/../lib] ==> dir [/usr/lib/../lib]
    arg [-L/usr/lib/gcc/x86_64-linux-gnu/5/../../..] ==> dir [/usr/lib/gcc/x86_64-linux-gnu/5/../../..]
    arg [CMakeFiles/cmTC_31deb.dir/CMakeCCompilerABI.c.o] ==> ignore
    arg [-lgcc] ==> lib [gcc]
    arg [--as-needed] ==> ignore
    arg [-lgcc_s] ==> lib [gcc_s]
    arg [--no-as-needed] ==> ignore
    arg [-lc] ==> lib [c]
    arg [-lgcc] ==> lib [gcc]
    arg [--as-needed] ==> ignore
    arg [-lgcc_s] ==> lib [gcc_s]
    arg [--no-as-needed] ==> ignore
    arg [/usr/lib/gcc/x86_64-linux-gnu/5/crtend.o] ==> ignore
    arg [/usr/lib/gcc/x86_64-linux-gnu/5/../../../x86_64-linux-gnu/crtn.o] ==> ignore
  remove lib [gcc]
  remove lib [gcc_s]
  remove lib [gcc]
  remove lib [gcc_s]
  collapse library dir [/usr/lib/gcc/x86_64-linux-gnu/5] ==> [/usr/lib/gcc/x86_64-linux-gnu/5]
  collapse library dir [/usr/lib/gcc/x86_64-linux-gnu/5/../../../x86_64-linux-gnu] ==> [/usr/lib/x86_64-linux-gnu]
  collapse library dir [/usr/lib/gcc/x86_64-linux-gnu/5/../../../../lib] ==> [/usr/lib]
  collapse library dir [/lib/x86_64-linux-gnu] ==> [/lib/x86_64-linux-gnu]
  collapse library dir [/lib/../lib] ==> [/lib]
  collapse library dir [/usr/lib/x86_64-linux-gnu] ==> [/usr/lib/x86_64-linux-gnu]
  collapse library dir [/usr/lib/../lib] ==> [/usr/lib]
  collapse library dir [/usr/lib/gcc/x86_64-linux-gnu/5/../../..] ==> [/usr/lib]
  implicit libs: [c]
  implicit dirs: [/usr/lib/gcc/x86_64-linux-gnu/5;/usr/lib/x86_64-linux-gnu;/usr/lib;/lib/x86_64-linux-gnu;/lib]
  implicit fwks: []




Detecting C [-std=c11] compiler features compiled with the following output:
Change Dir: /home/qthai/Downloads/Thesis-Code-Merge-SVM-Lane-Detect/build/CMakeFiles/CMakeTmp

Run Build Command:"/usr/bin/make" "cmTC_7ade6/fast"
/usr/bin/make -f CMakeFiles/cmTC_7ade6.dir/build.make CMakeFiles/cmTC_7ade6.dir/build
make[1]: Entering directory '/home/qthai/Downloads/Thesis-Code-Merge-SVM-Lane-Detect/build/CMakeFiles/CMakeTmp'
Building C object CMakeFiles/cmTC_7ade6.dir/feature_tests.c.o
/usr/bin/cc    -std=c11 -o CMakeFiles/cmTC_7ade6.dir/feature_tests.c.o   -c /home/qthai/Downloads/Thesis-Code-Merge-SVM-Lane-Detect/build/CMakeFiles/feature_tests.c
Linking C executable cmTC_7ade6
/usr/bin/cmake -E cmake_link_script CMakeFiles/cmTC_7ade6.dir/link.txt --verbose=1
/usr/bin/cc       CMakeFiles/cmTC_7ade6.dir/feature_tests.c.o  -o cmTC_7ade6 -rdynamic 
make[1]: Leaving directory '/home/qthai/Downloads/Thesis-Code-Merge-SVM-Lane-Detect/build/CMakeFiles/CMakeTmp'


    Feature record: C_FEATURE:1c_function_prototypes
    Feature record: C_FEATURE:1c_restrict
    Feature record: C_FEATURE:1c_static_assert
    Feature record: C_FEATURE:1c_variadic_macros


Detecting C [-std=c99] compiler features compiled with the following output:
Change Dir: /home/qthai/Downloads/Thesis-Code-Merge-SVM-Lane-Detect/build/CMakeFiles/CMakeTmp

Run Build Command:"/usr/bin/make" "cmTC_71862/fast"
/usr/bin/make -f CMakeFiles/cmTC_71862.dir/build.make CMakeFiles/cmTC_71862.dir/build
make[1]: Entering directory '/home/qthai/Downloads/Thesis-Code-Merge-SVM-Lane-Detect/build/CMakeFiles/CMakeTmp'
Building C object CMakeFiles/cmTC_71862.dir/feature_tests.c.o
/usr/bin/cc    -std=c99 -o CMakeFiles/cmTC_71862.dir/feature_tests.c.o   -c /home/qthai/Downloads/Thesis-Code-Merge-SVM-Lane-Detect/build/CMakeFiles/feature_tests.c
Linking C executable cmTC_71862
/usr/bin/cmake -E cmake_link_script CMakeFiles/cmTC_71862.dir/link.txt --verbose=1
/usr/bin/cc       CMakeFiles/cmTC_71862.dir/feature_tests.c.o  -o cmTC_71862 -rdynamic 
make[1]: Leaving directory '/home/qthai/Downloads/Thesis-Code-Merge-SVM-Lane-Detect/build/CMakeFiles/CMakeTmp'


    Feature record: C_FEATURE:1c_function_prototypes
    Feature record: C_FEATURE:1c_restrict
    Feature record: C_FEATURE:0c_static_assert
    Feature record: C_FEATURE:1c_variadic_macros


Detecting C [-std=c90] compiler features compiled with the following output:
Change Dir: /home/qthai/Downloads/Thesis-Code-Merge-SVM-Lane-Detect/build/CMakeFiles/CMakeTmp

Run Build Command:"/usr/bin/make" "cmTC_940c7/fast"
/usr/bin/make -f CMakeFiles/cmTC_940c7.dir/build.make CMakeFiles/cmTC_940c7.dir/build
make[1]: Entering directory '/home/qthai/Downloads/Thesis-Code-Merge-SVM-Lane-Detect/build/CMakeFiles/CMakeTmp'
Building C object CMakeFiles/cmTC_940c7.dir/feature_tests.c.o
/usr/bin/cc    -std=c90 -o CMakeFiles/cmTC_940c7.dir/feature_tests.c.o   -c /home/qthai/Downloads/Thesis-Code-Merge-SVM-Lane-Detect/build/CMakeFiles/feature_tests.c
Linking C executable cmTC_940c7
/usr/bin/cmake -E cmake_link_script CMakeFiles/cmTC_940c7.dir/link.txt --verbose=1
/usr/bin/cc       CMakeFiles/cmTC_940c7.dir/feature_tests.c.o  -o cmTC_940c7 -rdynamic 
make[1]: Leaving directory '/home/qthai/Downloads/Thesis-Code-Merge-SVM-Lane-Detect/build/CMakeFiles/CMakeTmp'


    Feature record: C_FEATURE:1c_function_prototypes
    Feature record: C_FEATURE:0c_restrict
    Feature record: C_FEATURE:0c_static_assert
    Feature record: C_FEATURE:0c_variadic_macros
Determining if the CXX compiler works passed with the following output:
Change Dir: /home/qthai/Downloads/Thesis-Code-Merge-SVM-Lane-Detect/build/CMakeFiles/CMakeTmp

Run Build Command:"/usr/bin/make" "cmTC_525f9/fast"
/usr/bin/make -f CMakeFiles/cmTC_525f9.dir/build.make CMakeFiles/cmTC_525f9.dir/build
make[1]: Entering directory '/home/qthai/Downloads/Thesis-Code-Merge-SVM-Lane-Detect/build/CMakeFiles/CMakeTmp'
Building CXX object CMakeFiles/cmTC_525f9.dir/testCXXCompiler.cxx.o
/usr/bin/c++      -o CMakeFiles/cmTC_525f9.dir/testCXXCompiler.cxx.o -c /home/qthai/Downloads/Thesis-Code-Merge-SVM-Lane-Detect/build/CMakeFiles/CMakeTmp/testCXXCompiler.cxx
Linking CXX executable cmTC_525f9
/usr/bin/cmake -E cmake_link_script CMakeFiles/cmTC_525f9.dir/link.txt --verbose=1
/usr/bin/c++        CMakeFiles/cmTC_525f9.dir/testCXXCompiler.cxx.o  -o cmTC_525f9 -rdynamic 
make[1]: Leaving directory '/home/qthai/Downloads/Thesis-Code-Merge-SVM-Lane-Detect/build/CMakeFiles/CMakeTmp'


Detecting CXX compiler ABI info compiled with the following output:
Change Dir: /home/qthai/Downloads/Thesis-Code-Merge-SVM-Lane-Detect/build/CMakeFiles/CMakeTmp

Run Build Command:"/usr/bin/make" "cmTC_3daef/fast"
/usr/bin/make -f CMakeFiles/cmTC_3daef.dir/build.make CMakeFiles/cmTC_3daef.dir/build
make[1]: Entering directory '/home/qthai/Downloads/Thesis-Code-Merge-SVM-Lane-Detect/build/CMakeFiles/CMakeTmp'
Building CXX object CMakeFiles/cmTC_3daef.dir/CMakeCXXCompilerABI.cpp.o
/usr/bin/c++      -o CMakeFiles/cmTC_3daef.dir/CMakeCXXCompilerABI.cpp.o -c /usr/share/cmake-3.5/Modules/CMakeCXXCompilerABI.cpp
Linking CXX executable cmTC_3daef
/usr/bin/cmake -E cmake_link_script CMakeFiles/cmTC_3daef.dir/link.txt --verbose=1
/usr/bin/c++       -v CMakeFiles/cmTC_3daef.dir/CMakeCXXCompilerABI.cpp.o  -o cmTC_3daef -rdynamic  
Using built-in specs.
COLLECT_GCC=/usr/bin/c++
COLLECT_LTO_WRAPPER=/usr/lib/gcc/x86_64-linux-gnu/5/lto-wrapper
Target: x86_64-linux-gnu
Configured with: ../src/configure -v --with-pkgversion='Ubuntu 5.4.0-6ubuntu1~16.04.11' --with-bugurl=file:///usr/share/doc/gcc-5/README.Bugs --enable-languages=c,ada,c++,java,go,d,fortran,objc,obj-c++ --prefix=/usr --program-suffix=-5 --enable-shared --enable-linker-build-id --libexecdir=/usr/lib --without-included-gettext --enable-threads=posix --libdir=/usr/lib --enable-nls --with-sysroot=/ --enable-clocale=gnu --enable-libstdcxx-debug --enable-libstdcxx-time=yes --with-default-libstdcxx-abi=new --enable-gnu-unique-object --disable-vtable-verify --enable-libmpx --enable-plugin --with-system-zlib --disable-browser-plugin --enable-java-awt=gtk --enable-gtk-cairo --with-java-home=/usr/lib/jvm/java-1.5.0-gcj-5-amd64/jre --enable-java-home --with-jvm-root-dir=/usr/lib/jvm/java-1.5.0-gcj-5-amd64 --with-jvm-jar-dir=/usr/lib/jvm-exports/java-1.5.0-gcj-5-amd64 --with-arch-directory=amd64 --with-ecj-jar=/usr/share/java/eclipse-ecj.jar --enable-objc-gc --enable-multiarch --disable-werror --with-arch-32=i686 --with-abi=m64 --with-multilib-list=m32,m64,mx32 --enable-multilib --with-tune=generic --enable-checking=release --build=x86_64-linux-gnu --host=x86_64-linux-gnu --target=x86_64-linux-gnu
Thread model: posix
gcc version 5.4.0 20160609 (Ubuntu 5.4.0-6ubuntu1~16.04.11) 
COMPILER_PATH=/usr/lib/gcc/x86_64-linux-gnu/5/:/usr/lib/gcc/x86_64-linux-gnu/5/:/usr/lib/gcc/x86_64-linux-gnu/:/usr/lib/gcc/x86_64-linux-gnu/5/:/usr/lib/gcc/x86_64-linux-gnu/
LIBRARY_PATH=/usr/lib/gcc/x86_64-linux-gnu/5/:/usr/lib/gcc/x86_64-linux-gnu/5/../../../x86_64-linux-gnu/:/usr/lib/gcc/x86_64-linux-gnu/5/../../../../lib/:/lib/x86_64-linux-gnu/:/lib/../lib/:/usr/lib/x86_64-linux-gnu/:/usr/lib/../lib/:/usr/lib/gcc/x86_64-linux-gnu/5/../../../:/lib/:/usr/lib/
COLLECT_GCC_OPTIONS='-v' '-o' 'cmTC_3daef' '-rdynamic' '-shared-libgcc' '-mtune=generic' '-march=x86-64'
 /usr/lib/gcc/x86_64-linux-gnu/5/collect2 -plugin /usr/lib/gcc/x86_64-linux-gnu/5/liblto_plugin.so -plugin-opt=/usr/lib/gcc/x86_64-linux-gnu/5/lto-wrapper -plugin-opt=-fresolution=/tmp/ccMdcxSp.res -plugin-opt=-pass-through=-lgcc_s -plugin-opt=-pass-through=-lgcc -plugin-opt=-pass-through=-lc -plugin-opt=-pass-through=-lgcc_s -plugin-opt=-pass-through=-lgcc --sysroot=/ --build-id --eh-frame-hdr -m elf_x86_64 --hash-style=gnu --as-needed -export-dynamic -dynamic-linker /lib64/ld-linux-x86-64.so.2 -z relro -o cmTC_3daef /usr/lib/gcc/x86_64-linux-gnu/5/../../../x86_64-linux-gnu/crt1.o /usr/lib/gcc/x86_64-linux-gnu/5/../../../x86_64-linux-gnu/crti.o /usr/lib/gcc/x86_64-linux-gnu/5/crtbegin.o -L/usr/lib/gcc/x86_64-linux-gnu/5 -L/usr/lib/gcc/x86_64-linux-gnu/5/../../../x86_64-linux-gnu -L/usr/lib/gcc/x86_64-linux-gnu/5/../../../../lib -L/lib/x86_64-linux-gnu -L/lib/../lib -L/usr/lib/x86_64-linux-gnu -L/usr/lib/../lib -L/usr/lib/gcc/x86_64-linux-gnu/5/../../.. CMakeFiles/cmTC_3daef.dir/CMakeCXXCompilerABI.cpp.o -lstdc++ -lm -lgcc_s -lgcc -lc -lgcc_s -lgcc /usr/lib/gcc/x86_64-linux-gnu/5/crtend.o /usr/lib/gcc/x86_64-linux-gnu/5/../../../x86_64-linux-gnu/crtn.o
make[1]: Leaving directory '/home/qthai/Downloads/Thesis-Code-Merge-SVM-Lane-Detect/build/CMakeFiles/CMakeTmp'


Parsed CXX implicit link information from above output:
  link line regex: [^( *|.*[/\])(ld|([^/\]+-)?ld|collect2)[^/\]*( |$)]
  ignore line: [Change Dir: /home/qthai/Downloads/Thesis-Code-Merge-SVM-Lane-Detect/build/CMakeFiles/CMakeTmp]
  ignore line: []
  ignore line: [Run Build Command:"/usr/bin/make" "cmTC_3daef/fast"]
  ignore line: [/usr/bin/make -f CMakeFiles/cmTC_3daef.dir/build.make CMakeFiles/cmTC_3daef.dir/build]
  ignore line: [make[1]: Entering directory '/home/qthai/Downloads/Thesis-Code-Merge-SVM-Lane-Detect/build/CMakeFiles/CMakeTmp']
  ignore line: [Building CXX object CMakeFiles/cmTC_3daef.dir/CMakeCXXCompilerABI.cpp.o]
  ignore line: [/usr/bin/c++      -o CMakeFiles/cmTC_3daef.dir/CMakeCXXCompilerABI.cpp.o -c /usr/share/cmake-3.5/Modules/CMakeCXXCompilerABI.cpp]
  ignore line: [Linking CXX executable cmTC_3daef]
  ignore line: [/usr/bin/cmake -E cmake_link_script CMakeFiles/cmTC_3daef.dir/link.txt --verbose=1]
  ignore line: [/usr/bin/c++       -v CMakeFiles/cmTC_3daef.dir/CMakeCXXCompilerABI.cpp.o  -o cmTC_3daef -rdynamic  ]
  ignore line: [Using built-in specs.]
  ignore line: [COLLECT_GCC=/usr/bin/c++]
  ignore line: [COLLECT_LTO_WRAPPER=/usr/lib/gcc/x86_64-linux-gnu/5/lto-wrapper]
  ignore line: [Target: x86_64-linux-gnu]
  ignore line: [Configured with: ../src/configure -v --with-pkgversion='Ubuntu 5.4.0-6ubuntu1~16.04.11' --with-bugurl=file:///usr/share/doc/gcc-5/README.Bugs --enable-languages=c,ada,c++,java,go,d,fortran,objc,obj-c++ --prefix=/usr --program-suffix=-5 --enable-shared --enable-linker-build-id --libexecdir=/usr/lib --without-included-gettext --enable-threads=posix --libdir=/usr/lib --enable-nls --with-sysroot=/ --enable-clocale=gnu --enable-libstdcxx-debug --enable-libstdcxx-time=yes --with-default-libstdcxx-abi=new --enable-gnu-unique-object --disable-vtable-verify --enable-libmpx --enable-plugin --with-system-zlib --disable-browser-plugin --enable-java-awt=gtk --enable-gtk-cairo --with-java-home=/usr/lib/jvm/java-1.5.0-gcj-5-amd64/jre --enable-java-home --with-jvm-root-dir=/usr/lib/jvm/java-1.5.0-gcj-5-amd64 --with-jvm-jar-dir=/usr/lib/jvm-exports/java-1.5.0-gcj-5-amd64 --with-arch-directory=amd64 --with-ecj-jar=/usr/share/java/eclipse-ecj.jar --enable-objc-gc --enable-multiarch --disable-werror --with-arch-32=i686 --with-abi=m64 --with-multilib-list=m32,m64,mx32 --enable-multilib --with-tune=generic --enable-checking=release --build=x86_64-linux-gnu --host=x86_64-linux-gnu --target=x86_64-linux-gnu]
  ignore line: [Thread model: posix]
  ignore line: [gcc version 5.4.0 20160609 (Ubuntu 5.4.0-6ubuntu1~16.04.11) ]
  ignore line: [COMPILER_PATH=/usr/lib/gcc/x86_64-linux-gnu/5/:/usr/lib/gcc/x86_64-linux-gnu/5/:/usr/lib/gcc/x86_64-linux-gnu/:/usr/lib/gcc/x86_64-linux-gnu/5/:/usr/lib/gcc/x86_64-linux-gnu/]
  ignore line: [LIBRARY_PATH=/usr/lib/gcc/x86_64-linux-gnu/5/:/usr/lib/gcc/x86_64-linux-gnu/5/../../../x86_64-linux-gnu/:/usr/lib/gcc/x86_64-linux-gnu/5/../../../../lib/:/lib/x86_64-linux-gnu/:/lib/../lib/:/usr/lib/x86_64-linux-gnu/:/usr/lib/../lib/:/usr/lib/gcc/x86_64-linux-gnu/5/../../../:/lib/:/usr/lib/]
  ignore line: [COLLECT_GCC_OPTIONS='-v' '-o' 'cmTC_3daef' '-rdynamic' '-shared-libgcc' '-mtune=generic' '-march=x86-64']
  link line: [ /usr/lib/gcc/x86_64-linux-gnu/5/collect2 -plugin /usr/lib/gcc/x86_64-linux-gnu/5/liblto_plugin.so -plugin-opt=/usr/lib/gcc/x86_64-linux-gnu/5/lto-wrapper -plugin-opt=-fresolution=/tmp/ccMdcxSp.res -plugin-opt=-pass-through=-lgcc_s -plugin-opt=-pass-through=-lgcc -plugin-opt=-pass-through=-lc -plugin-opt=-pass-through=-lgcc_s -plugin-opt=-pass-through=-lgcc --sysroot=/ --build-id --eh-frame-hdr -m elf_x86_64 --hash-style=gnu --as-needed -export-dynamic -dynamic-linker /lib64/ld-linux-x86-64.so.2 -z relro -o cmTC_3daef /usr/lib/gcc/x86_64-linux-gnu/5/../../../x86_64-linux-gnu/crt1.o /usr/lib/gcc/x86_64-linux-gnu/5/../../../x86_64-linux-gnu/crti.o /usr/lib/gcc/x86_64-linux-gnu/5/crtbegin.o -L/usr/lib/gcc/x86_64-linux-gnu/5 -L/usr/lib/gcc/x86_64-linux-gnu/5/../../../x86_64-linux-gnu -L/usr/lib/gcc/x86_64-linux-gnu/5/../../../../lib -L/lib/x86_64-linux-gnu -L/lib/../lib -L/usr/lib/x86_64-linux-gnu -L/usr/lib/../lib -L/usr/lib/gcc/x86_64-linux-gnu/5/../../.. CMakeFiles/cmTC_3daef.dir/CMakeCXXCompilerABI.cpp.o -lstdc++ -lm -lgcc_s -lgcc -lc -lgcc_s -lgcc /usr/lib/gcc/x86_64-linux-gnu/5/crtend.o /usr/lib/gcc/x86_64-linux-gnu/5/../../../x86_64-linux-gnu/crtn.o]
    arg [/usr/lib/gcc/x86_64-linux-gnu/5/collect2] ==> ignore
    arg [-plugin] ==> ignore
    arg [/usr/lib/gcc/x86_64-linux-gnu/5/liblto_plugin.so] ==> ignore
    arg [-plugin-opt=/usr/lib/gcc/x86_64-linux-gnu/5/lto-wrapper] ==> ignore
    arg [-plugin-opt=-fresolution=/tmp/ccMdcxSp.res] ==> ignore
    arg [-plugin-opt=-pass-through=-lgcc_s] ==> ignore
    arg [-plugin-opt=-pass-through=-lgcc] ==> ignore
    arg [-plugin-opt=-pass-through=-lc] ==> ignore
    arg [-plugin-opt=-pass-through=-lgcc_s] ==> ignore
    arg [-plugin-opt=-pass-through=-lgcc] ==> ignore
    arg [--sysroot=/] ==> ignore
    arg [--build-id] ==> ignore
    arg [--eh-frame-hdr] ==> ignore
    arg [-m] ==> ignore
    arg [elf_x86_64] ==> ignore
    arg [--hash-style=gnu] ==> ignore
    arg [--as-needed] ==> ignore
    arg [-export-dynamic] ==> ignore
    arg [-dynamic-linker] ==> ignore
    arg [/lib64/ld-linux-x86-64.so.2] ==> ignore
    arg [-zrelro] ==> ignore
    arg [-o] ==> ignore
    arg [cmTC_3daef] ==> ignore
    arg [/usr/lib/gcc/x86_64-linux-gnu/5/../../../x86_64-linux-gnu/crt1.o] ==> ignore
    arg [/usr/lib/gcc/x86_64-linux-gnu/5/../../../x86_64-linux-gnu/crti.o] ==> ignore
    arg [/usr/lib/gcc/x86_64-linux-gnu/5/crtbegin.o] ==> ignore
    arg [-L/usr/lib/gcc/x86_64-linux-gnu/5] ==> dir [/usr/lib/gcc/x86_64-linux-gnu/5]
    arg [-L/usr/lib/gcc/x86_64-linux-gnu/5/../../../x86_64-linux-gnu] ==> dir [/usr/lib/gcc/x86_64-linux-gnu/5/../../../x86_64-linux-gnu]
    arg [-L/usr/lib/gcc/x86_64-linux-gnu/5/../../../../lib] ==> dir [/usr/lib/gcc/x86_64-linux-gnu/5/../../../../lib]
    arg [-L/lib/x86_64-linux-gnu] ==> dir [/lib/x86_64-linux-gnu]
    arg [-L/lib/../lib] ==> dir [/lib/../lib]
    arg [-L/usr/lib/x86_64-linux-gnu] ==> dir [/usr/lib/x86_64-linux-gnu]
    arg [-L/usr/lib/../lib] ==> dir [/usr/lib/../lib]
    arg [-L/usr/lib/gcc/x86_64-linux-gnu/5/../../..] ==> dir [/usr/lib/gcc/x86_64-linux-gnu/5/../../..]
    arg [CMakeFiles/cmTC_3daef.dir/CMakeCXXCompilerABI.cpp.o] ==> ignore
    arg [-lstdc++] ==> lib [stdc++]
    arg [-lm] ==> lib [m]
    arg [-lgcc_s] ==> lib [gcc_s]
    arg [-lgcc] ==> lib [gcc]
    arg [-lc] ==> lib [c]
    arg [-lgcc_s] ==> lib [gcc_s]
    arg [-lgcc] ==> lib [gcc]
    arg [/usr/lib/gcc/x86_64-linux-gnu/5/crtend.o] ==> ignore
    arg [/usr/lib/gcc/x86_64-linux-gnu/5/../../../x86_64-linux-gnu/crtn.o] ==> ignore
  remove lib [gcc_s]
  remove lib [gcc]
  remove lib [gcc_s]
  remove lib [gcc]
  collapse library dir [/usr/lib/gcc/x86_64-linux-gnu/5] ==> [/usr/lib/gcc/x86_64-linux-gnu/5]
  collapse library dir [/usr/lib/gcc/x86_64-linux-gnu/5/../../../x86_64-linux-gnu] ==> [/usr/lib/x86_64-linux-gnu]
  collapse library dir [/usr/lib/gcc/x86_64-linux-gnu/5/../../../../lib] ==> [/usr/lib]
  collapse library dir [/lib/x86_64-linux-gnu] ==> [/lib/x86_64-linux-gnu]
  collapse library dir [/lib/../lib] ==> [/lib]
  collapse library dir [/usr/lib/x86_64-linux-gnu] ==> [/usr/lib/x86_64-linux-gnu]
  collapse library dir [/usr/lib/../lib] ==> [/usr/lib]
  collapse library dir [/usr/lib/gcc/x86_64-linux-gnu/5/../../..] ==> [/usr/lib]
  implicit libs: [stdc++;m;c]
  implicit dirs: [/usr/lib/gcc/x86_64-linux-gnu/5;/usr/lib/x86_64-linux-gnu;/usr/lib;/lib/x86_64-linux-gnu;/lib]
  implicit fwks: []




Detecting CXX [-std=c++14] compiler features compiled with the following output:
Change Dir: /home/qthai/Downloads/Thesis-Code-Merge-SVM-Lane-Detect/build/CMakeFiles/CMakeTmp

Run Build Command:"/usr/bin/make" "cmTC_91ad7/fast"
/usr/bin/make -f CMakeFiles/cmTC_91ad7.dir/build.make CMakeFiles/cmTC_91ad7.dir/build
make[1]: Entering directory '/home/qthai/Downloads/Thesis-Code-Merge-SVM-Lane-Detect/build/CMakeFiles/CMakeTmp'
Building CXX object CMakeFiles/cmTC_91ad7.dir/feature_tests.cxx.o
/usr/bin/c++     -std=c++14 -o CMakeFiles/cmTC_91ad7.dir/feature_tests.cxx.o -c /home/qthai/Downloads/Thesis-Code-Merge-SVM-Lane-Detect/build/CMakeFiles/feature_tests.cxx
Linking CXX executable cmTC_91ad7
/usr/bin/cmake -E cmake_link_script CMakeFiles/cmTC_91ad7.dir/link.txt --verbose=1
/usr/bin/c++        CMakeFiles/cmTC_91ad7.dir/feature_tests.cxx.o  -o cmTC_91ad7 -rdynamic 
make[1]: Leaving directory '/home/qthai/Downloads/Thesis-Code-Merge-SVM-Lane-Detect/build/CMakeFiles/CMakeTmp'


    Feature record: CXX_FEATURE:1cxx_aggregate_default_initializers
    Feature record: CXX_FEATURE:1cxx_alias_templates
    Feature record: CXX_FEATURE:1cxx_alignas
    Feature record: CXX_FEATURE:1cxx_alignof
    Feature record: CXX_FEATURE:1cxx_attributes
    Feature record: CXX_FEATURE:1cxx_attribute_deprecated
    Feature record: CXX_FEATURE:1cxx_auto_type
    Feature record: CXX_FEATURE:1cxx_binary_literals
    Feature record: CXX_FEATURE:1cxx_constexpr
    Feature record: CXX_FEATURE:1cxx_contextual_conversions
    Feature record: CXX_FEATURE:1cxx_decltype
    Feature record: CXX_FEATURE:1cxx_decltype_auto
    Feature record: CXX_FEATURE:1cxx_decltype_incomplete_return_types
    Feature record: CXX_FEATURE:1cxx_default_function_template_args
    Feature record: CXX_FEATURE:1cxx_defaulted_functions
    Feature record: CXX_FEATURE:1cxx_defaulted_move_initializers
    Feature record: CXX_FEATURE:1cxx_delegating_constructors
    Feature record: CXX_FEATURE:1cxx_deleted_functions
    Feature record: CXX_FEATURE:1cxx_digit_separators
    Feature record: CXX_FEATURE:1cxx_enum_forward_declarations
    Feature record: CXX_FEATURE:1cxx_explicit_conversions
    Feature record: CXX_FEATURE:1cxx_extended_friend_declarations
    Feature record: CXX_FEATURE:1cxx_extern_templates
    Feature record: CXX_FEATURE:1cxx_final
    Feature record: CXX_FEATURE:1cxx_func_identifier
    Feature record: CXX_FEATURE:1cxx_generalized_initializers
    Feature record: CXX_FEATURE:1cxx_generic_lambdas
    Feature record: CXX_FEATURE:1cxx_inheriting_constructors
    Feature record: CXX_FEATURE:1cxx_inline_namespaces
    Feature record: CXX_FEATURE:1cxx_lambdas
    Feature record: CXX_FEATURE:1cxx_lambda_init_captures
    Feature record: CXX_FEATURE:1cxx_local_type_template_args
    Feature record: CXX_FEATURE:1cxx_long_long_type
    Feature record: CXX_FEATURE:1cxx_noexcept
    Feature record: CXX_FEATURE:1cxx_nonstatic_member_init
    Feature record: CXX_FEATURE:1cxx_nullptr
    Feature record: CXX_FEATURE:1cxx_override
    Feature record: CXX_FEATURE:1cxx_range_for
    Feature record: CXX_FEATURE:1cxx_raw_string_literals
    Feature record: CXX_FEATURE:1cxx_reference_qualified_functions
    Feature record: CXX_FEATURE:1cxx_relaxed_constexpr
    Feature record: CXX_FEATURE:1cxx_return_type_deduction
    Feature record: CXX_FEATURE:1cxx_right_angle_brackets
    Feature record: CXX_FEATURE:1cxx_rvalue_references
    Feature record: CXX_FEATURE:1cxx_sizeof_member
    Feature record: CXX_FEATURE:1cxx_static_assert
    Feature record: CXX_FEATURE:1cxx_strong_enums
    Feature record: CXX_FEATURE:1cxx_template_template_parameters
    Feature record: CXX_FEATURE:1cxx_thread_local
    Feature record: CXX_FEATURE:1cxx_trailing_return_types
    Feature record: CXX_FEATURE:1cxx_unicode_literals
    Feature record: CXX_FEATURE:1cxx_uniform_initialization
    Feature record: CXX_FEATURE:1cxx_unrestricted_unions
    Feature record: CXX_FEATURE:1cxx_user_literals
    Feature record: CXX_FEATURE:1cxx_variable_templates
    Feature record: CXX_FEATURE:1cxx_variadic_macros
    Feature record: CXX_FEATURE:1cxx_variadic_templates


Detecting CXX [-std=c++11] compiler features compiled with the following output:
Change Dir: /home/qthai/Downloads/Thesis-Code-Merge-SVM-Lane-Detect/build/CMakeFiles/CMakeTmp

Run Build Command:"/usr/bin/make" "cmTC_d9291/fast"
/usr/bin/make -f CMakeFiles/cmTC_d9291.dir/build.make CMakeFiles/cmTC_d9291.dir/build
make[1]: Entering directory '/home/qthai/Downloads/Thesis-Code-Merge-SVM-Lane-Detect/build/CMakeFiles/CMakeTmp'
Building CXX object CMakeFiles/cmTC_d9291.dir/feature_tests.cxx.o
/usr/bin/c++     -std=c++11 -o CMakeFiles/cmTC_d9291.dir/feature_tests.cxx.o -c /home/qthai/Downloads/Thesis-Code-Merge-SVM-Lane-Detect/build/CMakeFiles/feature_tests.cxx
Linking CXX executable cmTC_d9291
/usr/bin/cmake -E cmake_link_script CMakeFiles/cmTC_d9291.dir/link.txt --verbose=1
/usr/bin/c++        CMakeFiles/cmTC_d9291.dir/feature_tests.cxx.o  -o cmTC_d9291 -rdynamic 
make[1]: Leaving directory '/home/qthai/Downloads/Thesis-Code-Merge-SVM-Lane-Detect/build/CMakeFiles/CMakeTmp'


    Feature record: CXX_FEATURE:0cxx_aggregate_default_initializers
    Feature record: CXX_FEATURE:1cxx_alias_templates
    Feature record: CXX_FEATURE:1cxx_alignas
    Feature record: CXX_FEATURE:1cxx_alignof
    Feature record: CXX_FEATURE:1cxx_attributes
    Feature record: CXX_FEATURE:0cxx_attribute_deprecated
    Feature record: CXX_FEATURE:1cxx_auto_type
    Feature record: CXX_FEATURE:0cxx_binary_literals
    Feature record: CXX_FEATURE:1cxx_constexpr
    Feature record: CXX_FEATURE:0cxx_contextual_conversions
    Feature record: CXX_FEATURE:1cxx_decltype
    Feature record: CXX_FEATURE:0cxx_decltype_auto
    Feature record: CXX_FEATURE:1cxx_decltype_incomplete_return_types
    Feature record: CXX_FEATURE:1cxx_default_function_template_args
    Feature record: CXX_FEATURE:1cxx_defaulted_functions
    Feature record: CXX_FEATURE:1cxx_defaulted_move_initializers
    Feature record: CXX_FEATURE:1cxx_delegating_constructors
    Feature record: CXX_FEATURE:1cxx_deleted_functions
    Feature record: CXX_FEATURE:0cxx_digit_separators
    Feature record: CXX_FEATURE:1cxx_enum_forward_declarations
    Feature record: CXX_FEATURE:1cxx_explicit_conversions
    Feature record: CXX_FEATURE:1cxx_extended_friend_declarations
    Feature record: CXX_FEATURE:1cxx_extern_templates
    Feature record: CXX_FEATURE:1cxx_final
    Feature record: CXX_FEATURE:1cxx_func_identifier
    Feature record: CXX_FEATURE:1cxx_generalized_initializers
    Feature record: CXX_FEATURE:0cxx_generic_lambdas
    Feature record: CXX_FEATURE:1cxx_inheriting_constructors
    Feature record: CXX_FEATURE:1cxx_inline_namespaces
    Feature record: CXX_FEATURE:1cxx_lambdas
    Feature record: CXX_FEATURE:0cxx_lambda_init_captures
    Feature record: CXX_FEATURE:1cxx_local_type_template_args
    Feature record: CXX_FEATURE:1cxx_long_long_type
    Feature record: CXX_FEATURE:1cxx_noexcept
    Feature record: CXX_FEATURE:1cxx_nonstatic_member_init
    Feature record: CXX_FEATURE:1cxx_nullptr
    Feature record: CXX_FEATURE:1cxx_override
    Feature record: CXX_FEATURE:1cxx_range_for
    Feature record: CXX_FEATURE:1cxx_raw_string_literals
    Feature record: CXX_FEATURE:1cxx_reference_qualified_functions
    Feature record: CXX_FEATURE:0cxx_relaxed_constexpr
    Feature record: CXX_FEATURE:0cxx_return_type_deduction
    Feature record: CXX_FEATURE:1cxx_right_angle_brackets
    Feature record: CXX_FEATURE:1cxx_rvalue_references
    Feature record: CXX_FEATURE:1cxx_sizeof_member
    Feature record: CXX_FEATURE:1cxx_static_assert
    Feature record: CXX_FEATURE:1cxx_strong_enums
    Feature record: CXX_FEATURE:1cxx_template_template_parameters
    Feature record: CXX_FEATURE:1cxx_thread_local
    Feature record: CXX_FEATURE:1cxx_trailing_return_types
    Feature record: CXX_FEATURE:1cxx_unicode_literals
    Feature record: CXX_FEATURE:1cxx_uniform_initialization
    Feature record: CXX_FEATURE:1cxx_unrestricted_unions
    Feature record: CXX_FEATURE:1cxx_user_literals
    Feature record: CXX_FEATURE:0cxx_variable_templates
    Feature record: CXX_FEATURE:1cxx_variadic_macros
    Feature record: CXX_FEATURE:1cxx_variadic_templates


Detecting CXX [-std=c++98] compiler features compiled with the following output:
Change Dir: /home/qthai/Downloads/Thesis-Code-Merge-SVM-Lane-Detect/build/CMakeFiles/CMakeTmp

Run Build Command:"/usr/bin/make" "cmTC_81eed/fast"
/usr/bin/make -f CMakeFiles/cmTC_81eed.dir/build.make CMakeFiles/cmTC_81eed.dir/build
make[1]: Entering directory '/home/qthai/Downloads/Thesis-Code-Merge-SVM-Lane-Detect/build/CMakeFiles/CMakeTmp'
Building CXX object CMakeFiles/cmTC_81eed.dir/feature_tests.cxx.o
/usr/bin/c++     -std=c++98 -o CMakeFiles/cmTC_81eed.dir/feature_tests.cxx.o -c /home/qthai/Downloads/Thesis-Code-Merge-SVM-Lane-Detect/build/CMakeFiles/feature_tests.cxx
Linking CXX executable cmTC_81eed
/usr/bin/cmake -E cmake_link_script CMakeFiles/cmTC_81eed.dir/link.txt --verbose=1
/usr/bin/c++        CMakeFiles/cmTC_81eed.dir/feature_tests.cxx.o  -o cmTC_81eed -rdynamic 
make[1]: Leaving directory '/home/qthai/Downloads/Thesis-Code-Merge-SVM-Lane-Detect/build/CMakeFiles/CMakeTmp'


    Feature record: CXX_FEATURE:0cxx_aggregate_default_initializers
    Feature record: CXX_FEATURE:0cxx_alias_templates
    Feature record: CXX_FEATURE:0cxx_alignas
    Feature record: CXX_FEATURE:0cxx_alignof
    Feature record: CXX_FEATURE:0cxx_attributes
    Feature record: CXX_FEATURE:0cxx_attribute_deprecated
    Feature record: CXX_FEATURE:0cxx_auto_type
    Feature record: CXX_FEATURE:0cxx_binary_literals
    Feature record: CXX_FEATURE:0cxx_constexpr
    Feature record: CXX_FEATURE:0cxx_contextual_conversions
    Feature record: CXX_FEATURE:0cxx_decltype
    Feature record: CXX_FEATURE:0cxx_decltype_auto
    Feature record: CXX_FEATURE:0cxx_decltype_incomplete_return_types
    Feature record: CXX_FEATURE:0cxx_default_function_template_args
    Feature record: CXX_FEATURE:0cxx_defaulted_functions
    Feature record: CXX_FEATURE:0cxx_defaulted_move_initializers
    Feature record: CXX_FEATURE:0cxx_delegating_constructors
    Feature record: CXX_FEATURE:0cxx_deleted_functions
    Feature record: CXX_FEATURE:0cxx_digit_separators
    Feature record: CXX_FEATURE:0cxx_enum_forward_declarations
    Feature record: CXX_FEATURE:0cxx_explicit_conversions
    Feature record: CXX_FEATURE:0cxx_extended_friend_declarations
    Feature record: CXX_FEATURE:0cxx_extern_templates
    Feature record: CXX_FEATURE:0cxx_final
    Feature record: CXX_FEATURE:0cxx_func_identifier
    Feature record: CXX_FEATURE:0cxx_generalized_initializers
    Feature record: CXX_FEATURE:0cxx_generic_lambdas
    Feature record: CXX_FEATURE:0cxx_inheriting_constructors
    Feature record: CXX_FEATURE:0cxx_inline_namespaces
    Feature record: CXX_FEATURE:0cxx_lambdas
    Feature record: CXX_FEATURE:0cxx_lambda_init_captures
    Feature record: CXX_FEATURE:0cxx_local_type_template_args
    Feature record: CXX_FEATURE:0cxx_long_long_type
    Feature record: CXX_FEATURE:0cxx_noexcept
    Feature record: CXX_FEATURE:0cxx_nonstatic_member_init
    Feature record: CXX_FEATURE:0cxx_nullptr
    Feature record: CXX_FEATURE:0cxx_override
    Feature record: CXX_FEATURE:0cxx_range_for
    Feature record: CXX_FEATURE:0cxx_raw_string_literals
    Feature record: CXX_FEATURE:0cxx_reference_qualified_functions
    Feature record: CXX_FEATURE:0cxx_relaxed_constexpr
    Feature record: CXX_FEATURE:0cxx_return_type_deduction
    Feature record: CXX_FEATURE:0cxx_right_angle_brackets
    Feature record: CXX_FEATURE:0cxx_rvalue_references
    Feature record: CXX_FEATURE:0cxx_sizeof_member
    Feature record: CXX_FEATURE:0cxx_static_assert
    Feature record: CXX_FEATURE:0cxx_strong_enums
    Feature record: CXX_FEATURE:1cxx_template_template_parameters
    Feature record: CXX_FEATURE:0cxx_thread_local
    Feature record: CXX_FEATURE:0cxx_trailing_return_types
    Feature record: CXX_FEATURE:0cxx_unicode_literals
    Feature record: CXX_FEATURE:0cxx_uniform_initialization
    Feature record: CXX_FEATURE:0cxx_unrestricted_unions
    Feature record: CXX_FEATURE:0cxx_user_literals
    Feature record: CXX_FEATURE:0cxx_variable_templates
    Feature record: CXX_FEATURE:0cxx_variadic_macros
    Feature record: CXX_FEATURE:0cxx_variadic_templates
Determining if the include file pthread.h exists passed with the following output:
Change Dir: /home/qthai/Downloads/Thesis-Code-Merge-SVM-Lane-Detect/build/CMakeFiles/CMakeTmp

Run Build Command:"/usr/bin/make" "cmTC_7ef0e/fast"
/usr/bin/make -f CMakeFiles/cmTC_7ef0e.dir/build.make CMakeFiles/cmTC_7ef0e.dir/build
make[1]: Entering directory '/home/qthai/Downloads/Thesis-Code-Merge-SVM-Lane-Detect/build/CMakeFiles/CMakeTmp'
Building C object CMakeFiles/cmTC_7ef0e.dir/CheckIncludeFile.c.o
/usr/bin/cc     -o CMakeFiles/cmTC_7ef0e.dir/CheckIncludeFile.c.o   -c /home/qthai/Downloads/Thesis-Code-Merge-SVM-Lane-Detect/build/CMakeFiles/CMakeTmp/CheckIncludeFile.c
Linking C executable cmTC_7ef0e
/usr/bin/cmake -E cmake_link_script CMakeFiles/cmTC_7ef0e.dir/link.txt --verbose=1
/usr/bin/cc       CMakeFiles/cmTC_7ef0e.dir/CheckIncludeFile.c.o  -o cmTC_7ef0e -rdynamic 
make[1]: Leaving directory '/home/qthai/Downloads/Thesis-Code-Merge-SVM-Lane-Detect/build/CMakeFiles/CMakeTmp'


Determining if the function pthread_create exists in the pthread passed with the following output:
Change Dir: /home/qthai/Downloads/Thesis-Code-Merge-SVM-Lane-Detect/build/CMakeFiles/CMakeTmp

Run Build Command:"/usr/bin/make" "cmTC_b0875/fast"
/usr/bin/make -f CMakeFiles/cmTC_b0875.dir/build.make CMakeFiles/cmTC_b0875.dir/build
make[1]: Entering directory '/home/qthai/Downloads/Thesis-Code-Merge-SVM-Lane-Detect/build/CMakeFiles/CMakeTmp'
Building C object CMakeFiles/cmTC_b0875.dir/CheckFunctionExists.c.o
/usr/bin/cc    -DCHECK_FUNCTION_EXISTS=pthread_create   -o CMakeFiles/cmTC_b0875.dir/CheckFunctionExists.c.o   -c /usr/share/cmake-3.5/Modules/CheckFunctionExists.c
Linking C executable cmTC_b0875
/usr/bin/cmake -E cmake_link_script CMakeFiles/cmTC_b0875.dir/link.txt --verbose=1
/usr/bin/cc   -DCHECK_FUNCTION_EXISTS=pthread_create    CMakeFiles/cmTC_b0875.dir/CheckFunctionExists.c.o  -o cmTC_b0875 -rdynamic -lpthread 
make[1]: Leaving directory '/home/qthai/Downloads/Thesis-Code-Merge-SVM-Lane-Detect/build/CMakeFiles/CMakeTmp'


Determining if the function XOpenDisplay exists in the /usr/lib/x86_64-linux-gnu/libX11.so;/usr/lib/x86_64-linux-gnu/libXext.so passed with the following output:
Change Dir: /home/qthai/Downloads/Thesis-Code-Merge-SVM-Lane-Detect/build/CMakeFiles/CMakeTmp

Run Build Command:"/usr/bin/make" "cmTC_dc729/fast"
/usr/bin/make -f CMakeFiles/cmTC_dc729.dir/build.make CMakeFiles/cmTC_dc729.dir/build
make[1]: Entering directory '/home/qthai/Downloads/Thesis-Code-Merge-SVM-Lane-Detect/build/CMakeFiles/CMakeTmp'
Building C object CMakeFiles/cmTC_dc729.dir/CheckFunctionExists.c.o
/usr/bin/cc    -DCHECK_FUNCTION_EXISTS=XOpenDisplay   -o CMakeFiles/cmTC_dc729.dir/CheckFunctionExists.c.o   -c /usr/share/cmake-3.5/Modules/CheckFunctionExists.c
Linking C executable cmTC_dc729
/usr/bin/cmake -E cmake_link_script CMakeFiles/cmTC_dc729.dir/link.txt --verbose=1
/usr/bin/cc   -DCHECK_FUNCTION_EXISTS=XOpenDisplay    CMakeFiles/cmTC_dc729.dir/CheckFunctionExists.c.o  -o cmTC_dc729 -rdynamic /usr/lib/x86_64-linux-gnu/libX11.so /usr/lib/x86_64-linux-gnu/libXext.so 
make[1]: Leaving directory '/home/qthai/Downloads/Thesis-Code-Merge-SVM-Lane-Detect/build/CMakeFiles/CMakeTmp'


Determining if the function gethostbyname exists passed with the following output:
Change Dir: /home/qthai/Downloads/Thesis-Code-Merge-SVM-Lane-Detect/build/CMakeFiles/CMakeTmp

Run Build Command:"/usr/bin/make" "cmTC_87990/fast"
/usr/bin/make -f CMakeFiles/cmTC_87990.dir/build.make CMakeFiles/cmTC_87990.dir/build
make[1]: Entering directory '/home/qthai/Downloads/Thesis-Code-Merge-SVM-Lane-Detect/build/CMakeFiles/CMakeTmp'
Building C object CMakeFiles/cmTC_87990.dir/CheckFunctionExists.c.o
/usr/bin/cc    -DCHECK_FUNCTION_EXISTS=gethostbyname   -o CMakeFiles/cmTC_87990.dir/CheckFunctionExists.c.o   -c /usr/share/cmake-3.5/Modules/CheckFunctionExists.c
Linking C executable cmTC_87990
/usr/bin/cmake -E cmake_link_script CMakeFiles/cmTC_87990.dir/link.txt --verbose=1
/usr/bin/cc   -DCHECK_FUNCTION_EXISTS=gethostbyname    CMakeFiles/cmTC_87990.dir/CheckFunctionExists.c.o  -o cmTC_87990 -rdynamic 
make[1]: Leaving directory '/home/qthai/Downloads/Thesis-Code-Merge-SVM-Lane-Detect/build/CMakeFiles/CMakeTmp'


Determining if the function connect exists passed with the following output:
Change Dir: /home/qthai/Downloads/Thesis-Code-Merge-SVM-Lane-Detect/build/CMakeFiles/CMakeTmp

Run Build Command:"/usr/bin/make" "cmTC_58171/fast"
/usr/bin/make -f CMakeFiles/cmTC_58171.dir/build.make CMakeFiles/cmTC_58171.dir/build
make[1]: Entering directory '/home/qthai/Downloads/Thesis-Code-Merge-SVM-Lane-Detect/build/CMakeFiles/CMakeTmp'
Building C object CMakeFiles/cmTC_58171.dir/CheckFunctionExists.c.o
/usr/bin/cc    -DCHECK_FUNCTION_EXISTS=connect   -o CMakeFiles/cmTC_58171.dir/CheckFunctionExists.c.o   -c /usr/share/cmake-3.5/Modules/CheckFunctionExists.c
Linking C executable cmTC_58171
/usr/bin/cmake -E cmake_link_script CMakeFiles/cmTC_58171.dir/link.txt --verbose=1
/usr/bin/cc   -DCHECK_FUNCTION_EXISTS=connect    CMakeFiles/cmTC_58171.dir/CheckFunctionExists.c.o  -o cmTC_58171 -rdynamic 
make[1]: Leaving directory '/home/qthai/Downloads/Thesis-Code-Merge-SVM-Lane-Detect/build/CMakeFiles/CMakeTmp'


Determining if the function remove exists passed with the following output:
Change Dir: /home/qthai/Downloads/Thesis-Code-Merge-SVM-Lane-Detect/build/CMakeFiles/CMakeTmp

Run Build Command:"/usr/bin/make" "cmTC_79d06/fast"
/usr/bin/make -f CMakeFiles/cmTC_79d06.dir/build.make CMakeFiles/cmTC_79d06.dir/build
make[1]: Entering directory '/home/qthai/Downloads/Thesis-Code-Merge-SVM-Lane-Detect/build/CMakeFiles/CMakeTmp'
Building C object CMakeFiles/cmTC_79d06.dir/CheckFunctionExists.c.o
/usr/bin/cc    -DCHECK_FUNCTION_EXISTS=remove   -o CMakeFiles/cmTC_79d06.dir/CheckFunctionExists.c.o   -c /usr/share/cmake-3.5/Modules/CheckFunctionExists.c
Linking C executable cmTC_79d06
/usr/bin/cmake -E cmake_link_script CMakeFiles/cmTC_79d06.dir/link.txt --verbose=1
/usr/bin/cc   -DCHECK_FUNCTION_EXISTS=remove    CMakeFiles/cmTC_79d06.dir/CheckFunctionExists.c.o  -o cmTC_79d06 -rdynamic 
make[1]: Leaving directory '/home/qthai/Downloads/Thesis-Code-Merge-SVM-Lane-Detect/build/CMakeFiles/CMakeTmp'


Determining if the function shmat exists passed with the following output:
Change Dir: /home/qthai/Downloads/Thesis-Code-Merge-SVM-Lane-Detect/build/CMakeFiles/CMakeTmp

Run Build Command:"/usr/bin/make" "cmTC_1c7fe/fast"
/usr/bin/make -f CMakeFiles/cmTC_1c7fe.dir/build.make CMakeFiles/cmTC_1c7fe.dir/build
make[1]: Entering directory '/home/qthai/Downloads/Thesis-Code-Merge-SVM-Lane-Detect/build/CMakeFiles/CMakeTmp'
Building C object CMakeFiles/cmTC_1c7fe.dir/CheckFunctionExists.c.o
/usr/bin/cc    -DCHECK_FUNCTION_EXISTS=shmat   -o CMakeFiles/cmTC_1c7fe.dir/CheckFunctionExists.c.o   -c /usr/share/cmake-3.5/Modules/CheckFunctionExists.c
Linking C executable cmTC_1c7fe
/usr/bin/cmake -E cmake_link_script CMakeFiles/cmTC_1c7fe.dir/link.txt --verbose=1
/usr/bin/cc   -DCHECK_FUNCTION_EXISTS=shmat    CMakeFiles/cmTC_1c7fe.dir/CheckFunctionExists.c.o  -o cmTC_1c7fe -rdynamic 
make[1]: Leaving directory '/home/qthai/Downloads/Thesis-Code-Merge-SVM-Lane-Detect/build/CMakeFiles/CMakeTmp'


Determining if the function IceConnectionNumber exists in the ICE passed with the following output:
Change Dir: /home/qthai/Downloads/Thesis-Code-Merge-SVM-Lane-Detect/build/CMakeFiles/CMakeTmp

Run Build Command:"/usr/bin/make" "cmTC_05748/fast"
/usr/bin/make -f CMakeFiles/cmTC_05748.dir/build.make CMakeFiles/cmTC_05748.dir/build
make[1]: Entering directory '/home/qthai/Downloads/Thesis-Code-Merge-SVM-Lane-Detect/build/CMakeFiles/CMakeTmp'
Building C object CMakeFiles/cmTC_05748.dir/CheckFunctionExists.c.o
/usr/bin/cc    -DCHECK_FUNCTION_EXISTS=IceConnectionNumber   -o CMakeFiles/cmTC_05748.dir/CheckFunctionExists.c.o   -c /usr/share/cmake-3.5/Modules/CheckFunctionExists.c
Linking C executable cmTC_05748
/usr/bin/cmake -E cmake_link_script CMakeFiles/cmTC_05748.dir/link.txt --verbose=1
/usr/bin/cc   -DCHECK_FUNCTION_EXISTS=IceConnectionNumber    CMakeFiles/cmTC_05748.dir/CheckFunctionExists.c.o  -o cmTC_05748 -rdynamic -lICE 
make[1]: Leaving directory '/home/qthai/Downloads/Thesis-Code-Merge-SVM-Lane-Detect/build/CMakeFiles/CMakeTmp'


Performing C SOURCE FILE Test GIF_GifFileType_UserData succeeded with the following output:
Change Dir: /home/qthai/Downloads/Thesis-Code-Merge-SVM-Lane-Detect/build/CMakeFiles/CMakeTmp

Run Build Command:"/usr/bin/make" "cmTC_e7129/fast"
/usr/bin/make -f CMakeFiles/cmTC_e7129.dir/build.make CMakeFiles/cmTC_e7129.dir/build
make[1]: Entering directory '/home/qthai/Downloads/Thesis-Code-Merge-SVM-Lane-Detect/build/CMakeFiles/CMakeTmp'
Building C object CMakeFiles/cmTC_e7129.dir/src.c.o
/usr/bin/cc    -DGIF_GifFileType_UserData   -o CMakeFiles/cmTC_e7129.dir/src.c.o   -c /home/qthai/Downloads/Thesis-Code-Merge-SVM-Lane-Detect/build/CMakeFiles/CMakeTmp/src.c
Linking C executable cmTC_e7129
/usr/bin/cmake -E cmake_link_script CMakeFiles/cmTC_e7129.dir/link.txt --verbose=1
/usr/bin/cc   -DGIF_GifFileType_UserData    CMakeFiles/cmTC_e7129.dir/src.c.o  -o cmTC_e7129 -rdynamic 
make[1]: Leaving directory '/home/qthai/Downloads/Thesis-Code-Merge-SVM-Lane-Detect/build/CMakeFiles/CMakeTmp'

Source file was:

#include <gif_lib.h>

int main()
{
   (void)sizeof(((GifFileType *)0)->UserData);
   return 0;
}

Determining if the function png_create_read_struct exists passed with the following output:
Change Dir: /home/qthai/Downloads/Thesis-Code-Merge-SVM-Lane-Detect/build/CMakeFiles/CMakeTmp

Run Build Command:"/usr/bin/make" "cmTC_cefa7/fast"
/usr/bin/make -f CMakeFiles/cmTC_cefa7.dir/build.make CMakeFiles/cmTC_cefa7.dir/build
make[1]: Entering directory '/home/qthai/Downloads/Thesis-Code-Merge-SVM-Lane-Detect/build/CMakeFiles/CMakeTmp'
Building C object CMakeFiles/cmTC_cefa7.dir/CheckFunctionExists.c.o
/usr/bin/cc    -DCHECK_FUNCTION_EXISTS=png_create_read_struct   -o CMakeFiles/cmTC_cefa7.dir/CheckFunctionExists.c.o   -c /usr/share/cmake-3.5/Modules/CheckFunctionExists.c
Linking C executable cmTC_cefa7
/usr/bin/cmake -E cmake_link_script CMakeFiles/cmTC_cefa7.dir/link.txt --verbose=1
/usr/bin/cc   -DCHECK_FUNCTION_EXISTS=png_create_read_struct    CMakeFiles/cmTC_cefa7.dir/CheckFunctionExists.c.o  -o cmTC_cefa7 -rdynamic /usr/lib/x86_64-linux-gnu/libpng.so /usr/lib/x86_64-linux-gnu/libz.so 
make[1]: Leaving directory '/home/qthai/Downloads/Thesis-Code-Merge-SVM-Lane-Detect/build/CMakeFiles/CMakeTmp'


Determining if the function jpeg_read_header exists passed with the following output:
Change Dir: /home/qthai/Downloads/Thesis-Code-Merge-SVM-Lane-Detect/build/CMakeFiles/CMakeTmp

Run Build Command:"/usr/bin/make" "cmTC_fc4da/fast"
/usr/bin/make -f CMakeFiles/cmTC_fc4da.dir/build.make CMakeFiles/cmTC_fc4da.dir/build
make[1]: Entering directory '/home/qthai/Downloads/Thesis-Code-Merge-SVM-Lane-Detect/build/CMakeFiles/CMakeTmp'
Building C object CMakeFiles/cmTC_fc4da.dir/CheckFunctionExists.c.o
/usr/bin/cc    -DCHECK_FUNCTION_EXISTS=jpeg_read_header   -o CMakeFiles/cmTC_fc4da.dir/CheckFunctionExists.c.o   -c /usr/share/cmake-3.5/Modules/CheckFunctionExists.c
Linking C executable cmTC_fc4da
/usr/bin/cmake -E cmake_link_script CMakeFiles/cmTC_fc4da.dir/link.txt --verbose=1
/usr/bin/cc   -DCHECK_FUNCTION_EXISTS=jpeg_read_header    CMakeFiles/cmTC_fc4da.dir/CheckFunctionExists.c.o  -o cmTC_fc4da -rdynamic /usr/lib/x86_64-linux-gnu/libjpeg.so 
make[1]: Leaving directory '/home/qthai/Downloads/Thesis-Code-Merge-SVM-Lane-Detect/build/CMakeFiles/CMakeTmp'


Determining if the include file sys/types.h exists passed with the following output:
Change Dir: /home/qthai/Downloads/Thesis-Code-Merge-SVM-Lane-Detect/build/CMakeFiles/CMakeTmp

Run Build Command:"/usr/bin/make" "cmTC_7355a/fast"
/usr/bin/make -f CMakeFiles/cmTC_7355a.dir/build.make CMakeFiles/cmTC_7355a.dir/build
make[1]: Entering directory '/home/qthai/Downloads/Thesis-Code-Merge-SVM-Lane-Detect/build/CMakeFiles/CMakeTmp'
Building C object CMakeFiles/cmTC_7355a.dir/CheckIncludeFile.c.o
/usr/bin/cc     -o CMakeFiles/cmTC_7355a.dir/CheckIncludeFile.c.o   -c /home/qthai/Downloads/Thesis-Code-Merge-SVM-Lane-Detect/build/CMakeFiles/CMakeTmp/CheckIncludeFile.c
Linking C executable cmTC_7355a
/usr/bin/cmake -E cmake_link_script CMakeFiles/cmTC_7355a.dir/link.txt --verbose=1
/usr/bin/cc       CMakeFiles/cmTC_7355a.dir/CheckIncludeFile.c.o  -o cmTC_7355a -rdynamic 
make[1]: Leaving directory '/home/qthai/Downloads/Thesis-Code-Merge-SVM-Lane-Detect/build/CMakeFiles/CMakeTmp'


Determining if the include file stdint.h exists passed with the following output:
Change Dir: /home/qthai/Downloads/Thesis-Code-Merge-SVM-Lane-Detect/build/CMakeFiles/CMakeTmp

Run Build Command:"/usr/bin/make" "cmTC_e9922/fast"
/usr/bin/make -f CMakeFiles/cmTC_e9922.dir/build.make CMakeFiles/cmTC_e9922.dir/build
make[1]: Entering directory '/home/qthai/Downloads/Thesis-Code-Merge-SVM-Lane-Detect/build/CMakeFiles/CMakeTmp'
Building C object CMakeFiles/cmTC_e9922.dir/CheckIncludeFile.c.o
/usr/bin/cc     -o CMakeFiles/cmTC_e9922.dir/CheckIncludeFile.c.o   -c /home/qthai/Downloads/Thesis-Code-Merge-SVM-Lane-Detect/build/CMakeFiles/CMakeTmp/CheckIncludeFile.c
Linking C executable cmTC_e9922
/usr/bin/cmake -E cmake_link_script CMakeFiles/cmTC_e9922.dir/link.txt --verbose=1
/usr/bin/cc       CMakeFiles/cmTC_e9922.dir/CheckIncludeFile.c.o  -o cmTC_e9922 -rdynamic 
make[1]: Leaving directory '/home/qthai/Downloads/Thesis-Code-Merge-SVM-Lane-Detect/build/CMakeFiles/CMakeTmp'


Determining if the include file stddef.h exists passed with the following output:
Change Dir: /home/qthai/Downloads/Thesis-Code-Merge-SVM-Lane-Detect/build/CMakeFiles/CMakeTmp

Run Build Command:"/usr/bin/make" "cmTC_bcb8f/fast"
/usr/bin/make -f CMakeFiles/cmTC_bcb8f.dir/build.make CMakeFiles/cmTC_bcb8f.dir/build
make[1]: Entering directory '/home/qthai/Downloads/Thesis-Code-Merge-SVM-Lane-Detect/build/CMakeFiles/CMakeTmp'
Building C object CMakeFiles/cmTC_bcb8f.dir/CheckIncludeFile.c.o
/usr/bin/cc     -o CMakeFiles/cmTC_bcb8f.dir/CheckIncludeFile.c.o   -c /home/qthai/Downloads/Thesis-Code-Merge-SVM-Lane-Detect/build/CMakeFiles/CMakeTmp/CheckIncludeFile.c
Linking C executable cmTC_bcb8f
/usr/bin/cmake -E cmake_link_script CMakeFiles/cmTC_bcb8f.dir/link.txt --verbose=1
/usr/bin/cc       CMakeFiles/cmTC_bcb8f.dir/CheckIncludeFile.c.o  -o cmTC_bcb8f -rdynamic 
make[1]: Leaving directory '/home/qthai/Downloads/Thesis-Code-Merge-SVM-Lane-Detect/build/CMakeFiles/CMakeTmp'


Determining size of void* passed with the following output:
Change Dir: /home/qthai/Downloads/Thesis-Code-Merge-SVM-Lane-Detect/build/CMakeFiles/CMakeTmp

Run Build Command:"/usr/bin/make" "cmTC_7983e/fast"
/usr/bin/make -f CMakeFiles/cmTC_7983e.dir/build.make CMakeFiles/cmTC_7983e.dir/build
make[1]: Entering directory '/home/qthai/Downloads/Thesis-Code-Merge-SVM-Lane-Detect/build/CMakeFiles/CMakeTmp'
Building C object CMakeFiles/cmTC_7983e.dir/SIZE_OF_VOID_PTR.c.o
/usr/bin/cc     -o CMakeFiles/cmTC_7983e.dir/SIZE_OF_VOID_PTR.c.o   -c /home/qthai/Downloads/Thesis-Code-Merge-SVM-Lane-Detect/build/CMakeFiles/CheckTypeSize/SIZE_OF_VOID_PTR.c
Linking C executable cmTC_7983e
/usr/bin/cmake -E cmake_link_script CMakeFiles/cmTC_7983e.dir/link.txt --verbose=1
/usr/bin/cc       CMakeFiles/cmTC_7983e.dir/SIZE_OF_VOID_PTR.c.o  -o cmTC_7983e -rdynamic /usr/lib/x86_64-linux-gnu/libjpeg.so 
make[1]: Leaving directory '/home/qthai/Downloads/Thesis-Code-Merge-SVM-Lane-Detect/build/CMakeFiles/CMakeTmp'


Determining if the function cblas_ddot exists passed with the following output:
Change Dir: /home/qthai/Downloads/Thesis-Code-Merge-SVM-Lane-Detect/build/CMakeFiles/CMakeTmp

Run Build Command:"/usr/bin/make" "cmTC_881de/fast"
/usr/bin/make -f CMakeFiles/cmTC_881de.dir/build.make CMakeFiles/cmTC_881de.dir/build
make[1]: Entering directory '/home/qthai/Downloads/Thesis-Code-Merge-SVM-Lane-Detect/build/CMakeFiles/CMakeTmp'
Building C object CMakeFiles/cmTC_881de.dir/CheckFunctionExists.c.o
/usr/bin/cc    -DCHECK_FUNCTION_EXISTS=cblas_ddot   -o CMakeFiles/cmTC_881de.dir/CheckFunctionExists.c.o   -c /usr/share/cmake-3.5/Modules/CheckFunctionExists.c
Linking C executable cmTC_881de
/usr/bin/cmake -E cmake_link_script CMakeFiles/cmTC_881de.dir/link.txt --verbose=1
/usr/bin/cc   -DCHECK_FUNCTION_EXISTS=cblas_ddot    CMakeFiles/cmTC_881de.dir/CheckFunctionExists.c.o  -o cmTC_881de -rdynamic /usr/lib/libatlas.so /usr/lib/libcblas.so 
make[1]: Leaving directory '/home/qthai/Downloads/Thesis-Code-Merge-SVM-Lane-Detect/build/CMakeFiles/CMakeTmp'


Determining if the function sgesv_ exists passed with the following output:
Change Dir: /home/qthai/Downloads/Thesis-Code-Merge-SVM-Lane-Detect/build/CMakeFiles/CMakeTmp

Run Build Command:"/usr/bin/make" "cmTC_47e05/fast"
/usr/bin/make -f CMakeFiles/cmTC_47e05.dir/build.make CMakeFiles/cmTC_47e05.dir/build
make[1]: Entering directory '/home/qthai/Downloads/Thesis-Code-Merge-SVM-Lane-Detect/build/CMakeFiles/CMakeTmp'
Building C object CMakeFiles/cmTC_47e05.dir/CheckFunctionExists.c.o
/usr/bin/cc    -DCHECK_FUNCTION_EXISTS=sgesv_   -o CMakeFiles/cmTC_47e05.dir/CheckFunctionExists.c.o   -c /usr/share/cmake-3.5/Modules/CheckFunctionExists.c
Linking C executable cmTC_47e05
/usr/bin/cmake -E cmake_link_script CMakeFiles/cmTC_47e05.dir/link.txt --verbose=1
/usr/bin/cc   -DCHECK_FUNCTION_EXISTS=sgesv_    CMakeFiles/cmTC_47e05.dir/CheckFunctionExists.c.o  -o cmTC_47e05 -rdynamic /usr/lib/liblapack.so 
make[1]: Leaving directory '/home/qthai/Downloads/Thesis-Code-Merge-SVM-Lane-Detect/build/CMakeFiles/CMakeTmp'


